<?xml version="1.0" encoding="UTF-8"?>
<!-- Generated by org.testng.reporters.JUnitXMLReporter -->
<testsuite ignored="5" hostname="hakania" failures="0" tests="1" name="Car Loan Test" time="0.01" errors="0" timestamp="2021-08-16T22:25:05 PDT">
  <testcase classname="demo1.NewTest" name="f" time="0.002"/>
  <testcase classname="demo1.Day3" name="bankLoadApp" time="0.0">
    <ignored/>
  </testcase> <!-- bankLoadApp -->
  <testcase classname="demo1.NewTest" name="bankLoadApp4" time="0.0">
    <ignored/>
  </testcase> <!-- bankLoadApp4 -->
  <testcase classname="demo1.NewTest" name="bankLoadApp5" time="0.0">
    <ignored/>
  </testcase> <!-- bankLoadApp5 -->
  <testcase classname="demo1.Day3" name="bankLoadApp3" time="0.0">
    <ignored/>
  </testcase> <!-- bankLoadApp3 -->
  <testcase classname="demo1.Day3" name="bankLoadApp2" time="0.0">
    <ignored/>
  </testcase> <!-- bankLoadApp2 -->
</testsuite> <!-- Car Loan Test -->
