<?xml version="1.0" encoding="UTF-8"?>
<!-- Generated by org.testng.reporters.JUnitXMLReporter -->
<testsuite ignored="0" hostname="hakania" failures="0" tests="6" name="TestNG demo Test" time="0.042" errors="0" timestamp="2021-12-18T00:57:07 PST">
  <testcase classname="demo1.Day3" name="bankLoadApp" time="0.001"/>
  <testcase classname="demo1.Day3" name="bankLoadApp2" time="0.002"/>
  <testcase classname="demo1.Day3" name="bankLoadApp3" time="0.004"/>
  <testcase classname="demo1.NewTest" name="bankLoadApp4" time="0.003"/>
  <testcase classname="demo1.NewTest" name="bankLoadApp5" time="0.002"/>
  <testcase classname="demo1.NewTest" name="f" time="0.003"/>
</testsuite> <!-- TestNG demo Test -->
