<?xml version="1.0" encoding="UTF-8"?>
<!-- Generated by org.testng.reporters.JUnitXMLReporter -->
<testsuite ignored="2" hostname="hakania" failures="0" tests="5" name="Web App Test" time="0.072" errors="0" timestamp="2021-12-18T00:57:07 PST">
  <testcase classname="demo1.Day1" name="tabletAppLogin" time="0.006"/>
  <testcase classname="demo1.Day1" name="webAppLogin" time="0.004"/>
  <testcase classname="demo1.Day1" name="bankLogin" time="0.002"/>
  <testcase classname="demo1.Day1" name="bankLogout" time="0.001"/>
  <testcase classname="demo1.Day1" name="mobileAppLogin" time="0.002"/>
  <testcase classname="demo1.Day2" name="carLoan2" time="0.0">
    <ignored/>
  </testcase> <!-- carLoan2 -->
  <testcase classname="demo1.Day2" name="carLoan1" time="0.0">
    <ignored/>
  </testcase> <!-- carLoan1 -->
</testsuite> <!-- Web App Test -->
