<?xml version="1.0" encoding="UTF-8"?>
<!-- Generated by org.testng.reporters.JUnitXMLReporter -->
<testsuite ignored="0" hostname="hakania" failures="0" tests="4" name="Default test" time="109.361" errors="0" timestamp="2022-01-01T14:04:54 PST">
  <testcase classname="seleniumTestNGFramework.seleniumGrid.GridTest1" name="test1" time="5.194"/>
  <testcase classname="seleniumTestNGFramework.seleniumGrid.GridTest1" name="test2" time="15.205"/>
  <testcase classname="seleniumTestNGFramework.seleniumGrid.GridTest1" name="test3" time="78.258"/>
  <testcase classname="seleniumTestNGFramework.seleniumGrid.GridTest1" name="test4" time="10.653"/>
</testsuite> <!-- Default test -->
