<?xml version="1.0" encoding="UTF-8"?>
<testng-results ignored="0" total="1" passed="1" failed="0" skipped="0">
  <reporter-output>
  </reporter-output>
  <suite started-at="2023-08-23T22:54:51 CDT" name="Default suite" finished-at="2023-08-23T22:54:51 CDT" duration-ms="117">
    <groups>
    </groups>
    <test started-at="2023-08-23T22:54:51 CDT" name="Default test" finished-at="2023-08-23T22:54:51 CDT" duration-ms="117">
      <class name="pages.AmazonHomePageTest">
        <test-method is-config="true" signature="setup()[pri:0, instance:pages.AmazonHomePageTest@62ddbd7e]" started-at="2023-08-23T22:54:51 CDT" name="setup" finished-at="2023-08-23T22:54:51 CDT" duration-ms="19" status="PASS">
          <reporter-output>
          </reporter-output>
        </test-method> <!-- setup -->
        <test-method signature="test1()[pri:0, instance:pages.AmazonHomePageTest@62ddbd7e]" started-at="2023-08-23T22:54:51 CDT" name="test1" finished-at="2023-08-23T22:54:51 CDT" duration-ms="13" status="PASS">
          <reporter-output>
          </reporter-output>
        </test-method> <!-- test1 -->
      </class> <!-- pages.AmazonHomePageTest -->
    </test> <!-- Default test -->
  </suite> <!-- Default suite -->
</testng-results>
