<?xml version="1.0" encoding="UTF-8"?>
<testng-results ignored="0" total="1" passed="1" failed="0" skipped="0">
  <reporter-output>
  </reporter-output>
  <suite started-at="2022-01-01T20:53:37 PST" name="Default suite" finished-at="2022-01-01T20:53:37 PST" duration-ms="65">
    <groups>
    </groups>
    <test started-at="2022-01-01T20:53:37 PST" name="Default test" finished-at="2022-01-01T20:53:37 PST" duration-ms="65">
      <class name="amazonHP.AmazonTest1">
        <test-method signature="test1()[pri:0, instance:amazonHP.AmazonTest1@2ea227af]" started-at="2022-01-01T20:53:37 PST" name="test1" finished-at="2022-01-01T20:53:37 PST" duration-ms="19" status="PASS">
          <reporter-output>
          </reporter-output>
        </test-method> <!-- test1 -->
      </class> <!-- amazonHP.AmazonTest1 -->
    </test> <!-- Default test -->
  </suite> <!-- Default suite -->
</testng-results>
